2023-01-13 09:41:26.127  INFO 9324 --- [restartedMain] com.AppApi                               : Starting AppApi on LAPTOP-KJI7L5KG with PID 9324 (F:\Image\MindPLM\OperatorTrackerServer20221221\micro-api\target\classes started by Nandha Kumar in F:\Image\MindPLM\OperatorTrackerServer20221221\micro-api)
2023-01-13 09:41:26.136  INFO 9324 --- [restartedMain] com.AppApi                               : The following profiles are active: dev
2023-01-13 09:41:31.884  INFO 9324 --- [restartedMain] o.apache.catalina.core.StandardService   : Starting service [Tomcat]
2023-01-13 09:41:31.885  INFO 9324 --- [restartedMain] org.apache.catalina.core.StandardEngine  : Starting Servlet engine: [Apache Tomcat/9.0.26]
2023-01-13 09:41:32.043  INFO 9324 --- [restartedMain] o.a.c.c.C.[Tomcat].[localhost].[/]       : Initializing Spring embedded WebApplicationContext
2023-01-13 09:41:35.088  INFO 9324 --- [restartedMain] com.AppApi                               : Started AppApi in 9.814 seconds (JVM running for 11.726)
2023-01-13 09:43:51.904  INFO 9324 --- [http-nio-8080-exec-1] o.a.c.c.C.[Tomcat].[localhost].[/]       : Initializing Spring DispatcherServlet 'dispatcherServlet'
2023-01-13 09:44:49.609 DEBUG 9324 --- [http-nio-8080-exec-2] c.o.m.O.selectOtAppUserList              : ==>  Preparing: select user_no, user_login_name, user_passwd, user_true_name, user_role from ot_app_user WHERE user_login_name like concat('%', ?, '%') and user_passwd = ? 
2023-01-13 09:44:49.672 DEBUG 9324 --- [http-nio-8080-exec-2] c.o.m.O.selectOtAppUserList              : ==> Parameters: admin(String), 123456(String)
2023-01-13 09:44:50.112 DEBUG 9324 --- [http-nio-8080-exec-2] c.o.m.O.selectOtAppUserList              : <==      Total: 1
2023-01-13 09:45:11.894 DEBUG 9324 --- [http-nio-8080-exec-4] c.o.m.O.selectOtAppUserList              : ==>  Preparing: select user_no, user_login_name, user_passwd, user_true_name, user_role from ot_app_user WHERE user_login_name like concat('%', ?, '%') and user_passwd = ? 
2023-01-13 09:45:11.895 DEBUG 9324 --- [http-nio-8080-exec-4] c.o.m.O.selectOtAppUserList              : ==> Parameters: Dinesh(String), 123456(String)
2023-01-13 09:45:12.275 DEBUG 9324 --- [http-nio-8080-exec-4] c.o.m.O.selectOtAppUserList              : <==      Total: 1
2023-01-13 09:45:20.082  INFO 9324 --- [http-nio-8080-exec-6] c.o.security.JWTInterceptor              : token=null
2023-01-13 09:45:20.090 ERROR 9324 --- [http-nio-8080-exec-6] c.o.security.JWTInterceptor              : authorization is Empty
2023-01-13 09:45:20.106  INFO 9324 --- [http-nio-8080-exec-7] c.o.security.JWTInterceptor              : token=eyJ0eXAiOiJKV1QiLCJhbGciOiJIUzI1NiJ9.eyJhdWQiOiIzIiwidXNlck5vIjozLCJleHAiOjE2NzM2Njk3MTIsInVzZXJuYW1lIjoiRGluZXNoIn0.RUS1PBd5Tcbr2E3KmqWKn4ee6MYBEsEWT52CjHxo3YY
2023-01-13 09:45:20.155  INFO 9324 --- [http-nio-8080-exec-7] c.o.security.JWTInterceptor              : userNoString=3
2023-01-13 09:45:20.837 DEBUG 9324 --- [http-nio-8080-exec-7] c.o.m.O.selectOtAppUserById              : ==>  Preparing: select user_no, user_login_name, user_passwd, user_true_name, user_role from ot_app_user where user_no = ? 
2023-01-13 09:45:20.838 DEBUG 9324 --- [http-nio-8080-exec-7] c.o.m.O.selectOtAppUserById              : ==> Parameters: 3(Long)
2023-01-13 09:45:21.451 DEBUG 9324 --- [http-nio-8080-exec-7] c.o.m.O.selectOtAppUserById              : <==      Total: 1
2023-01-13 09:45:21.574 DEBUG 9324 --- [http-nio-8080-exec-7] .selectOtTaskAssignmentListInfoAll_COUNT : ==>  Preparing: SELECT count(0) FROM (SELECT t1.task_as_no taskAsNo, t1.task_no taskNo, t1.user_no_operator userNoOperator, t1.assignment_time assignmentTime, t1.dict_op_no dictOpNo, t1.from_date fromDate, t1.to_date toDate, t1.operation_description operationDescription, t1.target_qty targetQty, t1.assignment_state assignmentState, t1.machine_no machineNo, t2.finsize, t2.order_date orderDate, t2.item, t2.assembly, t2.delivery_date deliveryDate, t2.part_no partNo, t2.purchase_order_qty purchaseOrderQty, t2.production_qty productionQty, t2.purchase_order_no purchaseOrderNo, t2.purchase_order_date purchaseOrderDate, t2.issue_date issueDate, t2.task_state taskState, t2.user_no_manager userNoManager, ifnull(t3.task_report_no, '') taskReportNo, ifnull(t3.submit_time, '') submitTime, ifnull(t3.qty_done, '') qtyDone, ifnull(t3.remarks, '') remarks, t4.dict_op_name dictOpName, t6.machine_name machineName, t7.plant_name plantName FROM ot_task_assignment t1 RIGHT JOIN ot_task_list t2 ON t1.task_no = t2.task_no LEFT JOIN ot_task_report t3 ON t1.task_as_no = t3.task_as_no INNER JOIN ot_dict_operations t4 ON t1.dict_op_no = t4.dict_op_no LEFT JOIN ot_management_machine t5 ON t1.machine_no = t5.app_no_machine LEFT JOIN ot_app_machine t6 ON t5.app_no_machine = t6.machine_no LEFT JOIN ot_app_plant t7 ON t5.app_no_plant = t7.plant_no WHERE t1.user_no_operator = ? AND t1.assignment_state = ?) table_count 
2023-01-13 09:45:21.575 DEBUG 9324 --- [http-nio-8080-exec-7] .selectOtTaskAssignmentListInfoAll_COUNT : ==> Parameters: 3(Long), inProcess(String)
2023-01-13 09:45:22.308 DEBUG 9324 --- [http-nio-8080-exec-7] .selectOtTaskAssignmentListInfoAll_COUNT : <==      Total: 1
2023-01-13 09:45:22.325 DEBUG 9324 --- [http-nio-8080-exec-7] .o.m.O.selectOtTaskAssignmentListInfoAll : ==>  Preparing: SELECT t1.task_as_no taskAsNo, t1.task_no taskNo, t1.user_no_operator userNoOperator, t1.assignment_time assignmentTime, t1.dict_op_no dictOpNo, t1.from_date fromDate, t1.to_date toDate, t1.operation_description operationDescription, t1.target_qty targetQty, t1.assignment_state assignmentState, t1.machine_no machineNo, t2.finsize, t2.order_date orderDate, t2.item, t2.assembly, t2.delivery_date deliveryDate, t2.part_no partNo, t2.purchase_order_qty purchaseOrderQty, t2.production_qty productionQty, t2.purchase_order_no purchaseOrderNo, t2.purchase_order_date purchaseOrderDate, t2.issue_date issueDate, t2.task_state taskState, t2.user_no_manager userNoManager, ifnull(t3.task_report_no, '') taskReportNo, ifnull(t3.submit_time, '') submitTime, ifnull(t3.qty_done, '') qtyDone, ifnull(t3.remarks, '') remarks, t4.dict_op_name dictOpName, t6.machine_name machineName, t7.plant_name plantName FROM ot_task_assignment t1 RIGHT JOIN ot_task_list t2 ON t1.task_no = t2.task_no LEFT JOIN ot_task_report t3 ON t1.task_as_no = t3.task_as_no INNER JOIN ot_dict_operations t4 ON t1.dict_op_no = t4.dict_op_no LEFT JOIN ot_management_machine t5 ON t1.machine_no = t5.app_no_machine LEFT JOIN ot_app_machine t6 ON t5.app_no_machine = t6.machine_no LEFT JOIN ot_app_plant t7 ON t5.app_no_plant = t7.plant_no WHERE t1.user_no_operator = ? AND t1.assignment_state = ? order by taskAsNo desc LIMIT ? 
2023-01-13 09:45:22.329 DEBUG 9324 --- [http-nio-8080-exec-7] .o.m.O.selectOtTaskAssignmentListInfoAll : ==> Parameters: 3(Long), inProcess(String), 1(Integer)
2023-01-13 09:45:22.713 DEBUG 9324 --- [http-nio-8080-exec-7] .o.m.O.selectOtTaskAssignmentListInfoAll : <==      Total: 1
2023-01-13 09:45:32.263 DEBUG 9324 --- [http-nio-8080-exec-9] c.o.m.O.selectOtAppUserList              : ==>  Preparing: select user_no, user_login_name, user_passwd, user_true_name, user_role from ot_app_user WHERE user_login_name like concat('%', ?, '%') and user_passwd = ? 
2023-01-13 09:45:32.265 DEBUG 9324 --- [http-nio-8080-exec-9] c.o.m.O.selectOtAppUserList              : ==> Parameters: admin(String), 123456(String)
2023-01-13 09:45:32.660 DEBUG 9324 --- [http-nio-8080-exec-9] c.o.m.O.selectOtAppUserList              : <==      Total: 1
2023-01-13 09:45:37.026  INFO 9324 --- [http-nio-8080-exec-11] c.o.security.JWTInterceptor              : token=null
2023-01-13 09:45:37.026 ERROR 9324 --- [http-nio-8080-exec-11] c.o.security.JWTInterceptor              : authorization is Empty
2023-01-13 09:45:37.041  INFO 9324 --- [http-nio-8080-exec-12] c.o.security.JWTInterceptor              : token=eyJ0eXAiOiJKV1QiLCJhbGciOiJIUzI1NiJ9.eyJhdWQiOiIxIiwidXNlck5vIjoxLCJleHAiOjE2NzM2Njk3MzIsInVzZXJuYW1lIjoiYWRtaW5pc3RyYXRvciJ9.WtALOHH4MNZFyNJhtaemJz7CM7EAs2LTuOUvq_PDByc
2023-01-13 09:45:37.043  INFO 9324 --- [http-nio-8080-exec-12] c.o.security.JWTInterceptor              : userNoString=1
2023-01-13 09:45:38.658 DEBUG 9324 --- [http-nio-8080-exec-12] c.o.m.O.selectOtAppUserById              : ==>  Preparing: select user_no, user_login_name, user_passwd, user_true_name, user_role from ot_app_user where user_no = ? 
2023-01-13 09:45:38.660 DEBUG 9324 --- [http-nio-8080-exec-12] c.o.m.O.selectOtAppUserById              : ==> Parameters: 1(Long)
2023-01-13 09:45:38.973 DEBUG 9324 --- [http-nio-8080-exec-12] c.o.m.O.selectOtAppUserById              : <==      Total: 1
2023-01-13 09:45:38.989 DEBUG 9324 --- [http-nio-8080-exec-12] .O.selectOtAppOperatorTimeUserList_COUNT : ==>  Preparing: SELECT count(0) FROM ot_operator_time t1 LEFT JOIN ot_app_user t2 ON t1.operator_no = t2.user_no 
2023-01-13 09:45:38.990 DEBUG 9324 --- [http-nio-8080-exec-12] .O.selectOtAppOperatorTimeUserList_COUNT : ==> Parameters: 
2023-01-13 09:45:39.559 DEBUG 9324 --- [http-nio-8080-exec-12] .O.selectOtAppOperatorTimeUserList_COUNT : <==      Total: 1
2023-01-13 09:45:39.563 DEBUG 9324 --- [http-nio-8080-exec-12] c.o.m.O.selectOtAppOperatorTimeUserList  : ==>  Preparing: SELECT t1.operator_time_no as operatorTimeNo, t1.start_time as startTime, t1.end_time as endTime, t2.user_true_name as userName FROM ot_operator_time t1 LEFT JOIN ot_app_user t2 ON t1.operator_no = t2.user_no LIMIT ? 
2023-01-13 09:45:39.564 DEBUG 9324 --- [http-nio-8080-exec-12] c.o.m.O.selectOtAppOperatorTimeUserList  : ==> Parameters: 10(Integer)
2023-01-13 09:45:39.905 DEBUG 9324 --- [http-nio-8080-exec-12] c.o.m.O.selectOtAppOperatorTimeUserList  : <==      Total: 1
2023-01-13 09:46:28.397  INFO 9324 --- [http-nio-8080-exec-14] c.o.security.JWTInterceptor              : token=null
2023-01-13 09:46:28.398 ERROR 9324 --- [http-nio-8080-exec-14] c.o.security.JWTInterceptor              : authorization is Empty
2023-01-13 09:46:28.408  INFO 9324 --- [http-nio-8080-exec-15] c.o.security.JWTInterceptor              : token=eyJ0eXAiOiJKV1QiLCJhbGciOiJIUzI1NiJ9.eyJhdWQiOiIxIiwidXNlck5vIjoxLCJleHAiOjE2NzM2Njk3MzIsInVzZXJuYW1lIjoiYWRtaW5pc3RyYXRvciJ9.WtALOHH4MNZFyNJhtaemJz7CM7EAs2LTuOUvq_PDByc
2023-01-13 09:46:28.410  INFO 9324 --- [http-nio-8080-exec-15] c.o.security.JWTInterceptor              : userNoString=1
2023-01-13 09:46:29.036 DEBUG 9324 --- [http-nio-8080-exec-15] c.o.m.O.selectOtAppUserById              : ==>  Preparing: select user_no, user_login_name, user_passwd, user_true_name, user_role from ot_app_user where user_no = ? 
2023-01-13 09:46:29.037 DEBUG 9324 --- [http-nio-8080-exec-15] c.o.m.O.selectOtAppUserById              : ==> Parameters: 1(Long)
2023-01-13 09:46:29.488 DEBUG 9324 --- [http-nio-8080-exec-15] c.o.m.O.selectOtAppUserById              : <==      Total: 1
2023-01-13 09:46:29.495 DEBUG 9324 --- [http-nio-8080-exec-15] .O.selectOtAppOperatorTimeUserList_COUNT : ==>  Preparing: SELECT count(0) FROM ot_operator_time t1 LEFT JOIN ot_app_user t2 ON t1.operator_no = t2.user_no 
2023-01-13 09:46:29.496 DEBUG 9324 --- [http-nio-8080-exec-15] .O.selectOtAppOperatorTimeUserList_COUNT : ==> Parameters: 
2023-01-13 09:46:30.118 DEBUG 9324 --- [http-nio-8080-exec-15] .O.selectOtAppOperatorTimeUserList_COUNT : <==      Total: 1
2023-01-13 09:46:30.119 DEBUG 9324 --- [http-nio-8080-exec-15] c.o.m.O.selectOtAppOperatorTimeUserList  : ==>  Preparing: SELECT t1.operator_time_no as operatorTimeNo, t1.start_time as startTime, t1.end_time as endTime, t2.user_true_name as userName FROM ot_operator_time t1 LEFT JOIN ot_app_user t2 ON t1.operator_no = t2.user_no LIMIT ? 
2023-01-13 09:46:30.120 DEBUG 9324 --- [http-nio-8080-exec-15] c.o.m.O.selectOtAppOperatorTimeUserList  : ==> Parameters: 10(Integer)
2023-01-13 09:46:30.730 DEBUG 9324 --- [http-nio-8080-exec-15] c.o.m.O.selectOtAppOperatorTimeUserList  : <==      Total: 1
2023-01-13 09:53:46.858  INFO 9324 --- [http-nio-8080-exec-17] c.o.security.JWTInterceptor              : token=null
2023-01-13 09:53:46.861 ERROR 9324 --- [http-nio-8080-exec-17] c.o.security.JWTInterceptor              : authorization is Empty
2023-01-13 09:53:46.873  INFO 9324 --- [http-nio-8080-exec-18] c.o.security.JWTInterceptor              : token=eyJ0eXAiOiJKV1QiLCJhbGciOiJIUzI1NiJ9.eyJhdWQiOiIxIiwidXNlck5vIjoxLCJleHAiOjE2NzM2Njk3MzIsInVzZXJuYW1lIjoiYWRtaW5pc3RyYXRvciJ9.WtALOHH4MNZFyNJhtaemJz7CM7EAs2LTuOUvq_PDByc
2023-01-13 09:53:46.880  INFO 9324 --- [http-nio-8080-exec-18] c.o.security.JWTInterceptor              : userNoString=1
2023-01-13 09:53:47.269 DEBUG 9324 --- [http-nio-8080-exec-18] c.o.m.O.selectOtAppUserById              : ==>  Preparing: select user_no, user_login_name, user_passwd, user_true_name, user_role from ot_app_user where user_no = ? 
2023-01-13 09:53:47.270 DEBUG 9324 --- [http-nio-8080-exec-18] c.o.m.O.selectOtAppUserById              : ==> Parameters: 1(Long)
2023-01-13 09:53:47.675 DEBUG 9324 --- [http-nio-8080-exec-18] c.o.m.O.selectOtAppUserById              : <==      Total: 1
2023-01-13 09:53:47.690 DEBUG 9324 --- [http-nio-8080-exec-18] .O.selectOtAppOperatorTimeUserList_COUNT : ==>  Preparing: SELECT count(0) FROM ot_operator_time t1 LEFT JOIN ot_app_user t2 ON t1.operator_no = t2.user_no 
2023-01-13 09:53:47.690 DEBUG 9324 --- [http-nio-8080-exec-18] .O.selectOtAppOperatorTimeUserList_COUNT : ==> Parameters: 
2023-01-13 09:53:48.118 DEBUG 9324 --- [http-nio-8080-exec-18] .O.selectOtAppOperatorTimeUserList_COUNT : <==      Total: 1
2023-01-13 09:53:48.121 DEBUG 9324 --- [http-nio-8080-exec-18] c.o.m.O.selectOtAppOperatorTimeUserList  : ==>  Preparing: SELECT t1.operator_time_no as operatorTimeNo, t1.start_time as startTime, t1.end_time as endTime, t2.user_true_name as userName FROM ot_operator_time t1 LEFT JOIN ot_app_user t2 ON t1.operator_no = t2.user_no LIMIT ? 
2023-01-13 09:53:48.122 DEBUG 9324 --- [http-nio-8080-exec-18] c.o.m.O.selectOtAppOperatorTimeUserList  : ==> Parameters: 10(Integer)
2023-01-13 09:53:48.742 DEBUG 9324 --- [http-nio-8080-exec-18] c.o.m.O.selectOtAppOperatorTimeUserList  : <==      Total: 1
